# JRE version: Java(TM) SE Runtime Environment (8.0_152-b16) (build 1.8.0_152-b16)
# Java VM: Java HotSpot(TM) 64-Bit Server VM (25.152-b16 mixed mode linux-amd64 compressed oops)
Heap:
 PSYoungGen      total 551936K, used 335786K [0x00000000d5580000, 0x00000000fe780000, 0x0000000100000000)
  eden space 499712K, 67% used [0x00000000d5580000,0x00000000e9d6aa90,0x00000000f3d80000)
  from space 52224K, 0% used [0x00000000f3d80000,0x00000000f3d80000,0x00000000f7080000)
  to   space 54272K, 0% used [0x00000000fb280000,0x00000000fb280000,0x00000000fe780000)
 ParOldGen       total 374272K, used 66720K [0x0000000080000000, 0x0000000096d80000, 0x00000000d5580000)
  object space 374272K, 17% used [0x0000000080000000,0x0000000084128370,0x0000000096d80000)
 Metaspace       used 95846K, capacity 105154K, committed 105344K, reserved 1140736K
  class space    used 12174K, capacity 14893K, committed 14976K, reserved 1048576K
GC Heap History (10 events):
Event: 9,392 GC heap before
{Heap before GC invocations=11 (full 3):
 PSYoungGen      total 426496K, used 426482K [0x00000000d5580000, 0x00000000f5180000, 0x0000000100000000)
  eden space 394752K, 100% used [0x00000000d5580000,0x00000000ed700000,0x00000000ed700000)
  from space 31744K, 99% used [0x00000000ed700000,0x00000000ef5fcaa0,0x00000000ef600000)
  to   space 37888K, 0% used [0x00000000f2c80000,0x00000000f2c80000,0x00000000f5180000)
 ParOldGen       total 264704K, used 47473K [0x0000000080000000, 0x0000000090280000, 0x00000000d5580000)
  object space 264704K, 17% used [0x0000000080000000,0x0000000082e5c500,0x0000000090280000)
 Metaspace       used 77531K, capacity 85446K, committed 85504K, reserved 1122304K
  class space    used 9580K, capacity 11993K, committed 12032K, reserved 1048576K
Event: 9,423 GC heap after
Heap after GC invocations=11 (full 3):
 PSYoungGen      total 479744K, used 30267K [0x00000000d5580000, 0x00000000f8e80000, 0x0000000100000000)
  eden space 441856K, 0% used [0x00000000d5580000,0x00000000d5580000,0x00000000f0500000)
  from space 37888K, 79% used [0x00000000f2c80000,0x00000000f4a0eef0,0x00000000f5180000)
  to   space 40448K, 0% used [0x00000000f0500000,0x00000000f0500000,0x00000000f2c80000)
 ParOldGen       total 264704K, used 47481K [0x0000000080000000, 0x0000000090280000, 0x00000000d5580000)
  object space 264704K, 17% used [0x0000000080000000,0x0000000082e5e500,0x0000000090280000)
 Metaspace       used 77531K, capacity 85446K, committed 85504K, reserved 1122304K
  class space    used 9580K, capacity 11993K, committed 12032K, reserved 1048576K
}
Event: 11,198 GC heap before
{Heap before GC invocations=12 (full 3):
 PSYoungGen      total 479744K, used 472123K [0x00000000d5580000, 0x00000000f8e80000, 0x0000000100000000)
  eden space 441856K, 100% used [0x00000000d5580000,0x00000000f0500000,0x00000000f0500000)
  from space 37888K, 79% used [0x00000000f2c80000,0x00000000f4a0eef0,0x00000000f5180000)
  to   space 40448K, 0% used [0x00000000f0500000,0x00000000f0500000,0x00000000f2c80000)
 ParOldGen       total 264704K, used 47481K [0x0000000080000000, 0x0000000090280000, 0x00000000d5580000)
  object space 264704K, 17% used [0x0000000080000000,0x0000000082e5e500,0x0000000090280000)
 Metaspace       used 84113K, capacity 92560K, committed 92672K, reserved 1128448K
  class space    used 10641K, capacity 13243K, committed 13312K, reserved 1048576K
Event: 11,218 GC heap after
Heap after GC invocations=12 (full 3):
 PSYoungGen      total 482304K, used 32271K [0x00000000d5580000, 0x00000000f9b00000, 0x0000000100000000)
  eden space 441856K, 0% used [0x00000000d5580000,0x00000000d5580000,0x00000000f0500000)
  from space 40448K, 79% used [0x00000000f0500000,0x00000000f2483d90,0x00000000f2c80000)
  to   space 43520K, 0% used [0x00000000f7080000,0x00000000f7080000,0x00000000f9b00000)
 ParOldGen       total 264704K, used 47489K [0x0000000080000000, 0x0000000090280000, 0x00000000d5580000)
  object space 264704K, 17% used [0x0000000080000000,0x0000000082e60500,0x0000000090280000)
 Metaspace       used 84113K, capacity 92560K, committed 92672K, reserved 1128448K
  class space    used 10641K, capacity 13243K, committed 13312K, reserved 1048576K
}
Event: 11,908 GC heap before
{Heap before GC invocations=13 (full 3):
 PSYoungGen      total 482304K, used 474127K [0x00000000d5580000, 0x00000000f9b00000, 0x0000000100000000)
  eden space 441856K, 100% used [0x00000000d5580000,0x00000000f0500000,0x00000000f0500000)
  from space 40448K, 79% used [0x00000000f0500000,0x00000000f2483d90,0x00000000f2c80000)
  to   space 43520K, 0% used [0x00000000f7080000,0x00000000f7080000,0x00000000f9b00000)
 ParOldGen       total 264704K, used 47489K [0x0000000080000000, 0x0000000090280000, 0x00000000d5580000)
  object space 264704K, 17% used [0x0000000080000000,0x0000000082e60500,0x0000000090280000)
 Metaspace       used 85271K, capacity 93906K, committed 94080K, reserved 1130496K
  class space    used 10762K, capacity 13366K, committed 13440K, reserved 1048576K
Event: 11,926 GC heap after
Heap after GC invocations=13 (full 3):
 PSYoungGen      total 543232K, used 43491K [0x00000000d5580000, 0x00000000fb100000, 0x0000000100000000)
  eden space 499712K, 0% used [0x00000000d5580000,0x00000000d5580000,0x00000000f3d80000)
  from space 43520K, 99% used [0x00000000f7080000,0x00000000f9af8ff8,0x00000000f9b00000)
  to   space 52224K, 0% used [0x00000000f3d80000,0x00000000f3d80000,0x00000000f7080000)
 ParOldGen       total 264704K, used 55840K [0x0000000080000000, 0x0000000090280000, 0x00000000d5580000)
  object space 264704K, 21% used [0x0000000080000000,0x0000000083688228,0x0000000090280000)
 Metaspace       used 85271K, capacity 93906K, committed 94080K, reserved 1130496K
  class space    used 10762K, capacity 13366K, committed 13440K, reserved 1048576K
}
Event: 198,609 GC heap before
{Heap before GC invocations=14 (full 3):
 PSYoungGen      total 543232K, used 454935K [0x00000000d5580000, 0x00000000fb100000, 0x0000000100000000)
  eden space 499712K, 82% used [0x00000000d5580000,0x00000000ee74cc18,0x00000000f3d80000)
  from space 43520K, 99% used [0x00000000f7080000,0x00000000f9af8ff8,0x00000000f9b00000)
  to   space 52224K, 0% used [0x00000000f3d80000,0x00000000f3d80000,0x00000000f7080000)
 ParOldGen       total 264704K, used 55840K [0x0000000080000000, 0x0000000090280000, 0x00000000d5580000)
  object space 264704K, 21% used [0x0000000080000000,0x0000000083688228,0x0000000090280000)
 Metaspace       used 89317K, capacity 98466K, committed 98560K, reserved 1134592K
  class space    used 11322K, capacity 14023K, committed 14080K, reserved 1048576K
Event: 198,633 GC heap after
Heap after GC invocations=14 (full 3):
 PSYoungGen      total 551936K, used 36865K [0x00000000d5580000, 0x00000000fe780000, 0x0000000100000000)
  eden space 499712K, 0% used [0x00000000d5580000,0x00000000d5580000,0x00000000f3d80000)
  from space 52224K, 70% used [0x00000000f3d80000,0x00000000f6180558,0x00000000f7080000)
  to   space 54272K, 0% used [0x00000000fb280000,0x00000000fb280000,0x00000000fe780000)
 ParOldGen       total 264704K, used 55848K [0x0000000080000000, 0x0000000090280000, 0x00000000d5580000)
  object space 264704K, 21% used [0x0000000080000000,0x000000008368a228,0x0000000090280000)
 Metaspace       used 89317K, capacity 98466K, committed 98560K, reserved 1134592K
  class space    used 11322K, capacity 14023K, committed 14080K, reserved 1048576K
}
Event: 198,633 GC heap before
{Heap before GC invocations=15 (full 4):
 PSYoungGen      total 551936K, used 36865K [0x00000000d5580000, 0x00000000fe780000, 0x0000000100000000)
  eden space 499712K, 0% used [0x00000000d5580000,0x00000000d5580000,0x00000000f3d80000)
  from space 52224K, 70% used [0x00000000f3d80000,0x00000000f6180558,0x00000000f7080000)
  to   space 54272K, 0% used [0x00000000fb280000,0x00000000fb280000,0x00000000fe780000)
 ParOldGen       total 264704K, used 55848K [0x0000000080000000, 0x0000000090280000, 0x00000000d5580000)
  object space 264704K, 21% used [0x0000000080000000,0x000000008368a228,0x0000000090280000)
 Metaspace       used 89317K, capacity 98466K, committed 98560K, reserved 1134592K
  class space    used 11322K, capacity 14023K, committed 14080K, reserved 1048576K
Event: 198,787 GC heap after
Heap after GC invocations=15 (full 4):
 PSYoungGen      total 551936K, used 0K [0x00000000d5580000, 0x00000000fe780000, 0x0000000100000000)
  eden space 499712K, 0% used [0x00000000d5580000,0x00000000d5580000,0x00000000f3d80000)
  from space 52224K, 0% used [0x00000000f3d80000,0x00000000f3d80000,0x00000000f7080000)
  to   space 54272K, 0% used [0x00000000fb280000,0x00000000fb280000,0x00000000fe780000)
 ParOldGen       total 374272K, used 66720K [0x0000000080000000, 0x0000000096d80000, 0x00000000d5580000)
  object space 374272K, 17% used [0x0000000080000000,0x0000000084128370,0x0000000096d80000)
 Metaspace       used 89314K, capacity 98454K, committed 98560K, reserved 1134592K
  class space    used 11321K, capacity 14019K, committed 14080K, reserved 1048576K
}

