# JRE version: Java(TM) SE Runtime Environment (8.0_152-b16) (build 1.8.0_152-b16)
# Java VM: Java HotSpot(TM) 64-Bit Server VM (25.152-b16 mixed mode linux-amd64 compressed oops)
Heap:
 PSYoungGen      total 617472K, used 538904K [0x00000000d5580000, 0x0000000100000000, 0x0000000100000000)
  eden space 578560K, 93% used [0x00000000d5580000,0x00000000f63c60a8,0x00000000f8a80000)
  from space 38912K, 0% used [0x00000000f8a80000,0x00000000f8a80000,0x00000000fb080000)
  to   space 37376K, 0% used [0x00000000fdb80000,0x00000000fdb80000,0x0000000100000000)
 ParOldGen       total 258048K, used 64227K [0x0000000080000000, 0x000000008fc00000, 0x00000000d5580000)
  object space 258048K, 24% used [0x0000000080000000,0x0000000083eb8dc8,0x000000008fc00000)
 Metaspace       used 98119K, capacity 107580K, committed 107904K, reserved 1142784K
  class space    used 12387K, capacity 15159K, committed 15232K, reserved 1048576K
GC Heap History (10 events):
Event: 10,557 GC heap before
{Heap before GC invocations=13 (full 3):
 PSYoungGen      total 438272K, used 438263K [0x00000000d5580000, 0x00000000f8780000, 0x0000000100000000)
  eden space 412160K, 100% used [0x00000000d5580000,0x00000000ee800000,0x00000000ee800000)
  from space 26112K, 99% used [0x00000000ee800000,0x00000000f017de20,0x00000000f0180000)
  to   space 33280K, 0% used [0x00000000f6700000,0x00000000f6700000,0x00000000f8780000)
 ParOldGen       total 181760K, used 55384K [0x0000000080000000, 0x000000008b180000, 0x00000000d5580000)
  object space 181760K, 30% used [0x0000000080000000,0x0000000083616270,0x000000008b180000)
 Metaspace       used 74567K, capacity 82058K, committed 82176K, reserved 1120256K
  class space    used 9210K, capacity 11482K, committed 11520K, reserved 1048576K
Event: 10,577 GC heap after
Heap after GC invocations=13 (full 3):
 PSYoungGen      total 524800K, used 26563K [0x00000000d5580000, 0x00000000f8100000, 0x0000000100000000)
  eden space 498176K, 0% used [0x00000000d5580000,0x00000000d5580000,0x00000000f3c00000)
  from space 26624K, 99% used [0x00000000f6700000,0x00000000f80f0e08,0x00000000f8100000)
  to   space 35328K, 0% used [0x00000000f3c00000,0x00000000f3c00000,0x00000000f5e80000)
 ParOldGen       total 181760K, used 55392K [0x0000000080000000, 0x000000008b180000, 0x00000000d5580000)
  object space 181760K, 30% used [0x0000000080000000,0x0000000083618270,0x000000008b180000)
 Metaspace       used 74567K, capacity 82058K, committed 82176K, reserved 1120256K
  class space    used 9210K, capacity 11482K, committed 11520K, reserved 1048576K
}
Event: 13,181 GC heap before
{Heap before GC invocations=14 (full 3):
 PSYoungGen      total 524800K, used 524739K [0x00000000d5580000, 0x00000000f8100000, 0x0000000100000000)
  eden space 498176K, 100% used [0x00000000d5580000,0x00000000f3c00000,0x00000000f3c00000)
  from space 26624K, 99% used [0x00000000f6700000,0x00000000f80f0e08,0x00000000f8100000)
  to   space 35328K, 0% used [0x00000000f3c00000,0x00000000f3c00000,0x00000000f5e80000)
 ParOldGen       total 181760K, used 55392K [0x0000000080000000, 0x000000008b180000, 0x00000000d5580000)
  object space 181760K, 30% used [0x0000000080000000,0x0000000083618270,0x000000008b180000)
 Metaspace       used 84250K, capacity 92858K, committed 92928K, reserved 1128448K
  class space    used 10647K, capacity 13272K, committed 13312K, reserved 1048576K
Event: 13,211 GC heap after
Heap after GC invocations=14 (full 3):
 PSYoungGen      total 533504K, used 35307K [0x00000000d5580000, 0x00000000fe580000, 0x0000000100000000)
  eden space 498176K, 0% used [0x00000000d5580000,0x00000000d5580000,0x00000000f3c00000)
  from space 35328K, 99% used [0x00000000f3c00000,0x00000000f5e7ac50,0x00000000f5e80000)
  to   space 40960K, 0% used [0x00000000fbd80000,0x00000000fbd80000,0x00000000fe580000)
 ParOldGen       total 181760K, used 57583K [0x0000000080000000, 0x000000008b180000, 0x00000000d5580000)
  object space 181760K, 31% used [0x0000000080000000,0x000000008383bf40,0x000000008b180000)
 Metaspace       used 84250K, capacity 92858K, committed 92928K, reserved 1128448K
  class space    used 10647K, capacity 13272K, committed 13312K, reserved 1048576K
}
Event: 15,643 GC heap before
{Heap before GC invocations=15 (full 3):
 PSYoungGen      total 533504K, used 533483K [0x00000000d5580000, 0x00000000fe580000, 0x0000000100000000)
  eden space 498176K, 100% used [0x00000000d5580000,0x00000000f3c00000,0x00000000f3c00000)
  from space 35328K, 99% used [0x00000000f3c00000,0x00000000f5e7ac50,0x00000000f5e80000)
  to   space 40960K, 0% used [0x00000000fbd80000,0x00000000fbd80000,0x00000000fe580000)
 ParOldGen       total 181760K, used 57583K [0x0000000080000000, 0x000000008b180000, 0x00000000d5580000)
  object space 181760K, 31% used [0x0000000080000000,0x000000008383bf40,0x000000008b180000)
 Metaspace       used 86424K, capacity 95488K, committed 95616K, reserved 1130496K
  class space    used 10893K, capacity 13590K, committed 13696K, reserved 1048576K
Event: 15,666 GC heap after
Heap after GC invocations=15 (full 3):
 PSYoungGen      total 604160K, used 18629K [0x00000000d5580000, 0x00000000fd680000, 0x0000000100000000)
  eden space 578560K, 0% used [0x00000000d5580000,0x00000000d5580000,0x00000000f8a80000)
  from space 25600K, 72% used [0x00000000fbd80000,0x00000000fcfb1550,0x00000000fd680000)
  to   space 38912K, 0% used [0x00000000f8a80000,0x00000000f8a80000,0x00000000fb080000)
 ParOldGen       total 181760K, used 74950K [0x0000000080000000, 0x000000008b180000, 0x00000000d5580000)
  object space 181760K, 41% used [0x0000000080000000,0x0000000084931a70,0x000000008b180000)
 Metaspace       used 86424K, capacity 95488K, committed 95616K, reserved 1130496K
  class space    used 10893K, capacity 13590K, committed 13696K, reserved 1048576K
}
Event: 123,176 GC heap before
{Heap before GC invocations=16 (full 3):
 PSYoungGen      total 604160K, used 271917K [0x00000000d5580000, 0x00000000fd680000, 0x0000000100000000)
  eden space 578560K, 43% used [0x00000000d5580000,0x00000000e4cda048,0x00000000f8a80000)
  from space 25600K, 72% used [0x00000000fbd80000,0x00000000fcfb1550,0x00000000fd680000)
  to   space 38912K, 0% used [0x00000000f8a80000,0x00000000f8a80000,0x00000000fb080000)
 ParOldGen       total 181760K, used 74950K [0x0000000080000000, 0x000000008b180000, 0x00000000d5580000)
  object space 181760K, 41% used [0x0000000080000000,0x0000000084931a70,0x000000008b180000)
 Metaspace       used 89028K, capacity 98404K, committed 98560K, reserved 1134592K
  class space    used 11279K, capacity 14018K, committed 14080K, reserved 1048576K
Event: 123,195 GC heap after
Heap after GC invocations=16 (full 3):
 PSYoungGen      total 617472K, used 18053K [0x00000000d5580000, 0x0000000100000000, 0x0000000100000000)
  eden space 578560K, 0% used [0x00000000d5580000,0x00000000d5580000,0x00000000f8a80000)
  from space 38912K, 46% used [0x00000000f8a80000,0x00000000f9c21488,0x00000000fb080000)
  to   space 37376K, 0% used [0x00000000fdb80000,0x00000000fdb80000,0x0000000100000000)
 ParOldGen       total 181760K, used 74958K [0x0000000080000000, 0x000000008b180000, 0x00000000d5580000)
  object space 181760K, 41% used [0x0000000080000000,0x0000000084933a70,0x000000008b180000)
 Metaspace       used 89028K, capacity 98404K, committed 98560K, reserved 1134592K
  class space    used 11279K, capacity 14018K, committed 14080K, reserved 1048576K
}
Event: 123,195 GC heap before
{Heap before GC invocations=17 (full 4):
 PSYoungGen      total 617472K, used 18053K [0x00000000d5580000, 0x0000000100000000, 0x0000000100000000)
  eden space 578560K, 0% used [0x00000000d5580000,0x00000000d5580000,0x00000000f8a80000)
  from space 38912K, 46% used [0x00000000f8a80000,0x00000000f9c21488,0x00000000fb080000)
  to   space 37376K, 0% used [0x00000000fdb80000,0x00000000fdb80000,0x0000000100000000)
 ParOldGen       total 181760K, used 74958K [0x0000000080000000, 0x000000008b180000, 0x00000000d5580000)
  object space 181760K, 41% used [0x0000000080000000,0x0000000084933a70,0x000000008b180000)
 Metaspace       used 89028K, capacity 98404K, committed 98560K, reserved 1134592K
  class space    used 11279K, capacity 14018K, committed 14080K, reserved 1048576K
Event: 123,368 GC heap after
Heap after GC invocations=17 (full 4):
 PSYoungGen      total 617472K, used 0K [0x00000000d5580000, 0x0000000100000000, 0x0000000100000000)
  eden space 578560K, 0% used [0x00000000d5580000,0x00000000d5580000,0x00000000f8a80000)
  from space 38912K, 0% used [0x00000000f8a80000,0x00000000f8a80000,0x00000000fb080000)
  to   space 37376K, 0% used [0x00000000fdb80000,0x00000000fdb80000,0x0000000100000000)
 ParOldGen       total 258048K, used 64227K [0x0000000080000000, 0x000000008fc00000, 0x00000000d5580000)
  object space 258048K, 24% used [0x0000000080000000,0x0000000083eb8dc8,0x000000008fc00000)
 Metaspace       used 89025K, capacity 98392K, committed 98560K, reserved 1134592K
  class space    used 11278K, capacity 14014K, committed 14080K, reserved 1048576K
}

